<?xml version="1.0" encoding="UTF-8"?>
<testsuite name="com.jskim.book.springboot.web.IndexControllerTest" tests="1" skipped="0" failures="0" errors="0" timestamp="2021-02-25T22:28:37" hostname="HS005-030" time="0.527">
  <properties/>
  <testcase name="mainPage_Loading" classname="com.jskim.book.springboot.web.IndexControllerTest" time="0.527"/>
  <system-out><![CDATA[2021-02-26 07:28:29.761  INFO 34364 --- [    Test worker] .b.t.c.SpringBootTestContextBootstrapper : Neither @ContextConfiguration nor @ContextHierarchy found for test class [com.jskim.book.springboot.web.IndexControllerTest], using SpringBootContextLoader
2021-02-26 07:28:29.763  INFO 34364 --- [    Test worker] o.s.t.c.support.AbstractContextLoader    : Could not detect default resource locations for test class [com.jskim.book.springboot.web.IndexControllerTest]: no resource found for suffixes {-context.xml, Context.groovy}.
2021-02-26 07:28:29.763  INFO 34364 --- [    Test worker] t.c.s.AnnotationConfigContextLoaderUtils : Could not detect default configuration classes for test class [com.jskim.book.springboot.web.IndexControllerTest]: IndexControllerTest does not declare any static, non-private, non-final, nested classes annotated with @Configuration.
2021-02-26 07:28:29.804  INFO 34364 --- [    Test worker] .b.t.c.SpringBootTestContextBootstrapper : Found @SpringBootConfiguration com.jskim.book.springboot.Application for test class com.jskim.book.springboot.web.IndexControllerTest
2021-02-26 07:28:29.807  INFO 34364 --- [    Test worker] .b.t.c.SpringBootTestContextBootstrapper : Loaded default TestExecutionListener class names from location [META-INF/spring.factories]: [org.springframework.boot.test.autoconfigure.restdocs.RestDocsTestExecutionListener, org.springframework.boot.test.autoconfigure.web.client.MockRestServiceServerResetTestExecutionListener, org.springframework.boot.test.autoconfigure.web.servlet.MockMvcPrintOnlyOnFailureTestExecutionListener, org.springframework.boot.test.autoconfigure.web.servlet.WebDriverTestExecutionListener, org.springframework.boot.test.mock.mockito.MockitoTestExecutionListener, org.springframework.boot.test.mock.mockito.ResetMocksTestExecutionListener, org.springframework.test.context.web.ServletTestExecutionListener, org.springframework.test.context.support.DirtiesContextBeforeModesTestExecutionListener, org.springframework.test.context.support.DependencyInjectionTestExecutionListener, org.springframework.test.context.support.DirtiesContextTestExecutionListener, org.springframework.test.context.transaction.TransactionalTestExecutionListener, org.springframework.test.context.jdbc.SqlScriptsTestExecutionListener]
2021-02-26 07:28:29.807  INFO 34364 --- [    Test worker] .b.t.c.SpringBootTestContextBootstrapper : Using TestExecutionListeners: [org.springframework.test.context.web.ServletTestExecutionListener@4a2561ea, org.springframework.test.context.support.DirtiesContextBeforeModesTestExecutionListener@6267971c, org.springframework.boot.test.mock.mockito.MockitoTestExecutionListener@57423d4f, org.springframework.boot.test.autoconfigure.SpringBootDependencyInjectionTestExecutionListener@580d0f20, org.springframework.test.context.support.DirtiesContextTestExecutionListener@39c60ffa, org.springframework.test.context.transaction.TransactionalTestExecutionListener@67c7a0a9, org.springframework.test.context.jdbc.SqlScriptsTestExecutionListener@21a9515b, org.springframework.boot.test.autoconfigure.restdocs.RestDocsTestExecutionListener@116d2e41, org.springframework.boot.test.autoconfigure.web.client.MockRestServiceServerResetTestExecutionListener@18dd5a49, org.springframework.boot.test.autoconfigure.web.servlet.MockMvcPrintOnlyOnFailureTestExecutionListener@42c56313, org.springframework.boot.test.autoconfigure.web.servlet.WebDriverTestExecutionListener@298dc199, org.springframework.boot.test.mock.mockito.ResetMocksTestExecutionListener@516afdcf]

  .   ____          _            __ _ _
 /\\ / ___'_ __ _ _(_)_ __  __ _ \ \ \ \
( ( )\___ | '_ | '_| | '_ \/ _` | \ \ \ \
 \\/  ___)| |_)| | | | | || (_| |  ) ) ) )
  '  |____| .__|_| |_|_| |_\__, | / / / /
 =========|_|==============|___/=/_/_/_/
 :: Spring Boot ::        (v2.1.7.RELEASE)

2021-02-26 07:28:30.133  INFO 34364 --- [    Test worker] c.j.b.s.web.IndexControllerTest          : Starting IndexControllerTest on HS005-030 with PID 34364 (started by C06032 in C:\Users\C06032\IdeaProjects\freelec-springbootNew-webservice)
2021-02-26 07:28:30.133  INFO 34364 --- [    Test worker] c.j.b.s.web.IndexControllerTest          : The following profiles are active: oauth
2021-02-26 07:28:30.675  INFO 34364 --- [    Test worker] .s.d.r.c.RepositoryConfigurationDelegate : Bootstrapping Spring Data repositories in DEFAULT mode.
2021-02-26 07:28:30.790  INFO 34364 --- [    Test worker] .s.d.r.c.RepositoryConfigurationDelegate : Finished Spring Data repository scanning in 115ms. Found 2 repository interfaces.
2021-02-26 07:28:31.084  INFO 34364 --- [    Test worker] trationDelegate$BeanPostProcessorChecker : Bean 'org.springframework.transaction.annotation.ProxyTransactionManagementConfiguration' of type [org.springframework.transaction.annotation.ProxyTransactionManagementConfiguration$$EnhancerBySpringCGLIB$$ea8f0142] is not eligible for getting processed by all BeanPostProcessors (for example: not eligible for auto-proxying)
2021-02-26 07:28:31.832  INFO 34364 --- [    Test worker] o.s.b.w.embedded.tomcat.TomcatWebServer  : Tomcat initialized with port(s): 0 (http)
2021-02-26 07:28:31.901  INFO 34364 --- [    Test worker] o.apache.catalina.core.StandardService   : Starting service [Tomcat]
2021-02-26 07:28:31.901  INFO 34364 --- [    Test worker] org.apache.catalina.core.StandardEngine  : Starting Servlet engine: [Apache Tomcat/9.0.22]
2021-02-26 07:28:33.377  INFO 34364 --- [    Test worker] o.a.c.c.C.[Tomcat].[localhost].[/]       : Initializing Spring embedded WebApplicationContext
2021-02-26 07:28:33.378  INFO 34364 --- [    Test worker] o.s.web.context.ContextLoader            : Root WebApplicationContext: initialization completed in 3234 ms
2021-02-26 07:28:33.927  INFO 34364 --- [    Test worker] com.zaxxer.hikari.HikariDataSource       : HikariPool-2 - Starting...
2021-02-26 07:28:33.929  INFO 34364 --- [    Test worker] com.zaxxer.hikari.HikariDataSource       : HikariPool-2 - Start completed.
2021-02-26 07:28:34.191  INFO 34364 --- [    Test worker] o.hibernate.jpa.internal.util.LogHelper  : HHH000204: Processing PersistenceUnitInfo [
	name: default
	...]
2021-02-26 07:28:34.275  INFO 34364 --- [    Test worker] org.hibernate.dialect.Dialect            : HHH000400: Using dialect: org.hibernate.dialect.MySQL57Dialect
Hibernate: drop table if exists posts
Hibernate: drop table if exists user
Hibernate: create table posts (id bigint not null auto_increment, created_data datetime(6), modified_date datetime(6), author varchar(255), content TEXT not null, title varchar(500) not null, primary key (id)) engine=InnoDB
Hibernate: create table user (id bigint not null auto_increment, email varchar(255) not null, name varchar(255) not null, picture varchar(255), role varchar(255) not null, primary key (id)) engine=InnoDB
2021-02-26 07:28:34.462  INFO 34364 --- [    Test worker] o.h.t.schema.internal.SchemaCreatorImpl  : HHH000476: Executing import script 'org.hibernate.tool.schema.internal.exec.ScriptSourceInputNonExistentImpl@37fe5d5f'
2021-02-26 07:28:34.463  INFO 34364 --- [    Test worker] j.LocalContainerEntityManagerFactoryBean : Initialized JPA EntityManagerFactory for persistence unit 'default'
2021-02-26 07:28:35.448  INFO 34364 --- [    Test worker] o.h.h.i.QueryTranslatorFactoryInitiator  : HHH000397: Using ASTQueryTranslatorFactory
2021-02-26 07:28:35.937  INFO 34364 --- [    Test worker] o.s.s.web.DefaultSecurityFilterChain     : Creating filter chain: any request, [org.springframework.security.web.context.request.async.WebAsyncManagerIntegrationFilter@21bd5887, org.springframework.security.web.context.SecurityContextPersistenceFilter@2359c07e, org.springframework.security.web.header.HeaderWriterFilter@11e396e5, org.springframework.security.web.authentication.logout.LogoutFilter@1b2aae8f, org.springframework.security.oauth2.client.web.OAuth2AuthorizationRequestRedirectFilter@63d36862, org.springframework.security.oauth2.client.web.OAuth2LoginAuthenticationFilter@6e288958, org.springframework.security.web.authentication.ui.DefaultLoginPageGeneratingFilter@761dca02, org.springframework.security.web.authentication.ui.DefaultLogoutPageGeneratingFilter@5ef540d9, org.springframework.security.web.savedrequest.RequestCacheAwareFilter@49738c25, org.springframework.security.web.servletapi.SecurityContextHolderAwareRequestFilter@442a7f50, org.springframework.security.web.authentication.AnonymousAuthenticationFilter@269da31d, org.springframework.security.web.session.SessionManagementFilter@2402d0ff, org.springframework.security.web.access.ExceptionTranslationFilter@60815828, org.springframework.security.web.access.intercept.FilterSecurityInterceptor@36e92bd2]
2021-02-26 07:28:36.399  INFO 34364 --- [    Test worker] o.s.s.concurrent.ThreadPoolTaskExecutor  : Initializing ExecutorService 'applicationTaskExecutor'
2021-02-26 07:28:36.427  WARN 34364 --- [    Test worker] aWebConfiguration$JpaWebMvcConfiguration : spring.jpa.open-in-view is enabled by default. Therefore, database queries may be performed during view rendering. Explicitly configure spring.jpa.open-in-view to disable this warning
2021-02-26 07:28:36.502  INFO 34364 --- [    Test worker] o.s.b.a.w.s.WelcomePageHandlerMapping    : Adding welcome page template: index
2021-02-26 07:28:37.261  INFO 34364 --- [    Test worker] s.a.ScheduledAnnotationBeanPostProcessor : No TaskScheduler/ScheduledExecutorService bean found for scheduled processing
2021-02-26 07:28:37.298  INFO 34364 --- [    Test worker] o.s.b.w.embedded.tomcat.TomcatWebServer  : Tomcat started on port(s): 60739 (http) with context path ''
2021-02-26 07:28:37.299  INFO 34364 --- [    Test worker] c.j.b.s.web.IndexControllerTest          : Started IndexControllerTest in 7.486 seconds (JVM running for 29.799)
2021-02-26 07:28:37.537  INFO 34364 --- [o-auto-1-exec-1] o.a.c.c.C.[Tomcat].[localhost].[/]       : Initializing Spring DispatcherServlet 'dispatcherServlet'
2021-02-26 07:28:37.538  INFO 34364 --- [o-auto-1-exec-1] o.s.web.servlet.DispatcherServlet        : Initializing Servlet 'dispatcherServlet'
2021-02-26 07:28:37.604  INFO 34364 --- [o-auto-1-exec-1] o.s.web.servlet.DispatcherServlet        : Completed initialization in 66 ms
Hibernate: select posts0_.id as id1_0_, posts0_.created_data as created_2_0_, posts0_.modified_date as modified3_0_, posts0_.author as author4_0_, posts0_.content as content5_0_, posts0_.title as title6_0_ from posts posts0_ order by posts0_.id DESC
]]></system-out>
  <system-err><![CDATA[]]></system-err>
</testsuite>
